<?xml version="1.0" encoding="UTF-8"?>
<testng-results ignored="0" total="3" passed="3" failed="0" skipped="0">
  <reporter-output>
  </reporter-output>
  <suite started-at="2022-10-05T15:50:19 IST" name="Suite" finished-at="2022-10-05T15:51:46 IST" duration-ms="86698">
    <groups>
    </groups>
    <test started-at="2022-10-05T15:50:19 IST" name="Test" finished-at="2022-10-05T15:51:46 IST" duration-ms="86698">
      <class name="com.testng.practice.AddCartAmazon">
        <test-method is-config="true" signature="beforeMethod()[pri:0, instance:com.testng.practice.AddCartAmazon@4b520ea8]" started-at="2022-10-05T15:50:58 IST" name="beforeMethod" finished-at="2022-10-05T15:50:59 IST" duration-ms="1801" status="PASS">
          <reporter-output>
          </reporter-output>
        </test-method> <!-- beforeMethod -->
        <test-method signature="AddCart()[pri:0, instance:com.testng.practice.AddCartAmazon@4b520ea8]" started-at="2022-10-05T15:50:59 IST" name="AddCart" finished-at="2022-10-05T15:51:24 IST" duration-ms="24192" status="PASS">
          <reporter-output>
          </reporter-output>
        </test-method> <!-- AddCart -->
        <test-method is-config="true" signature="afterMethod()[pri:0, instance:com.testng.practice.AddCartAmazon@4b520ea8]" started-at="2022-10-05T15:51:24 IST" name="afterMethod" finished-at="2022-10-05T15:51:24 IST" duration-ms="1" status="PASS">
          <reporter-output>
          </reporter-output>
        </test-method> <!-- afterMethod -->
      </class> <!-- com.testng.practice.AddCartAmazon -->
      <class name="com.testng.practice.LoginFacebook">
        <test-method is-config="true" signature="beforeMethod()[pri:0, instance:com.testng.practice.LoginFacebook@16150369]" started-at="2022-10-05T15:51:24 IST" name="beforeMethod" finished-at="2022-10-05T15:51:25 IST" duration-ms="1824" status="PASS">
          <reporter-output>
          </reporter-output>
        </test-method> <!-- beforeMethod -->
        <test-method signature="Login()[pri:0, instance:com.testng.practice.LoginFacebook@16150369]" started-at="2022-10-05T15:51:25 IST" name="Login" finished-at="2022-10-05T15:51:46 IST" duration-ms="20089" status="PASS">
          <reporter-output>
          </reporter-output>
        </test-method> <!-- Login -->
        <test-method is-config="true" signature="afterMethod()[pri:0, instance:com.testng.practice.LoginFacebook@16150369]" started-at="2022-10-05T15:51:46 IST" name="afterMethod" finished-at="2022-10-05T15:51:46 IST" duration-ms="1" status="PASS">
          <reporter-output>
          </reporter-output>
        </test-method> <!-- afterMethod -->
      </class> <!-- com.testng.practice.LoginFacebook -->
      <class name="com.testng.practice.RegistrationOracle">
        <test-method is-config="true" signature="beforeMethod()[pri:0, instance:com.testng.practice.RegistrationOracle@740fb309]" started-at="2022-10-05T15:50:19 IST" name="beforeMethod" finished-at="2022-10-05T15:50:27 IST" duration-ms="7584" status="PASS">
          <reporter-output>
          </reporter-output>
        </test-method> <!-- beforeMethod -->
        <test-method signature="Oracle()[pri:0, instance:com.testng.practice.RegistrationOracle@740fb309]" started-at="2022-10-05T15:50:27 IST" name="Oracle" finished-at="2022-10-05T15:50:58 IST" duration-ms="30993" status="PASS">
          <reporter-output>
          </reporter-output>
        </test-method> <!-- Oracle -->
        <test-method is-config="true" signature="afterMethod()[pri:0, instance:com.testng.practice.RegistrationOracle@740fb309]" started-at="2022-10-05T15:50:58 IST" name="afterMethod" finished-at="2022-10-05T15:50:58 IST" duration-ms="1" status="PASS">
          <reporter-output>
          </reporter-output>
        </test-method> <!-- afterMethod -->
      </class> <!-- com.testng.practice.RegistrationOracle -->
    </test> <!-- Test -->
  </suite> <!-- Suite -->
</testng-results>
