<?xml version="1.0" encoding="UTF-8"?>
<!-- Generated by org.testng.reporters.JUnitXMLReporter -->
<testsuite ignored="0" hostname="DESKTOP-6MP55UK" failures="0" tests="3" name="Test" time="86.698" errors="0" timestamp="2022-10-05T15:51:46 IST">
  <testcase classname="com.testng.practice.RegistrationOracle" name="Oracle" time="30.993"/>
  <testcase classname="com.testng.practice.AddCartAmazon" name="AddCart" time="24.192"/>
  <testcase classname="com.testng.practice.LoginFacebook" name="Login" time="20.089"/>
</testsuite> <!-- Test -->
